<?xml version="1.0" encoding="UTF-8"?>
<testng-results ignored="0" total="1" passed="1" failed="0" skipped="0">
  <reporter-output>
  </reporter-output>
  <suite started-at="2023-05-07T07:34:54 IST" name="Suite" finished-at="2023-05-07T07:35:19 IST" duration-ms="24846">
    <groups>
    </groups>
    <test started-at="2023-05-07T07:34:54 IST" name="Test" finished-at="2023-05-07T07:35:19 IST" duration-ms="24846">
      <class name="com.qa.testscripts.TC_001">
        <test-method is-config="true" signature="Setup(java.lang.String,java.lang.String)[pri:0, instance:com.qa.testscripts.TC_001@1e683a3e]" started-at="2023-05-07T07:34:54 IST" name="Setup" finished-at="2023-05-07T07:35:01 IST" duration-ms="7573" status="PASS">
          <params>
            <param index="0">
              <value>
                <![CDATA[chrome]]>
              </value>
            </param>
            <param index="1">
              <value>
                <![CDATA[https://flipkart.com]]>
              </value>
            </param>
          </params>
          <reporter-output>
          </reporter-output>
        </test-method> <!-- Setup -->
        <test-method signature="CountLinks(java.lang.String,java.lang.String)[pri:0, instance:com.qa.testscripts.TC_001@1e683a3e]" started-at="2023-05-07T07:35:01 IST" name="CountLinks" finished-at="2023-05-07T07:35:19 IST" duration-ms="17215" status="PASS">
          <params>
            <param index="0">
              <value>
                <![CDATA[chrome]]>
              </value>
            </param>
            <param index="1">
              <value>
                <![CDATA[https://flipkart.com]]>
              </value>
            </param>
          </params>
          <reporter-output>
          </reporter-output>
        </test-method> <!-- CountLinks -->
      </class> <!-- com.qa.testscripts.TC_001 -->
    </test> <!-- Test -->
  </suite> <!-- Suite -->
</testng-results>
